# Logfile created on 2014-03-04 11:37:34 -0500 by logger.rb/44203
I, [2014-03-04T11:37:34.300407 #96868]  INFO -- : 0:  fast-stemmer (1.0.2) from /Users/nwatson/.rbenv/versions/2.1.0/lib/ruby/gems/2.1.0/specifications/fast-stemmer-1.0.2.gemspec
I, [2014-03-04T11:37:34.303162 #96868]  INFO -- : 0:  classifier (1.3.4) from /Users/nwatson/.rbenv/versions/2.1.0/lib/ruby/gems/2.1.0/specifications/classifier-1.3.4.gemspec
I, [2014-03-04T11:37:34.303603 #96868]  INFO -- : 0:  coderay (1.1.0) from /Users/nwatson/.rbenv/versions/2.1.0/lib/ruby/gems/2.1.0/specifications/coderay-1.1.0.gemspec
I, [2014-03-04T11:37:34.304038 #96868]  INFO -- : 0:  colorator (0.1) from /Users/nwatson/.rbenv/versions/2.1.0/lib/ruby/gems/2.1.0/specifications/colorator-0.1.gemspec
I, [2014-03-04T11:37:34.938752 #96868]  INFO -- : 0:  highline (1.6.21) from /Users/nwatson/.rbenv/versions/2.1.0/lib/ruby/gems/2.1.0/specifications/highline-1.6.21.gemspec
I, [2014-03-04T11:37:34.939271 #96868]  INFO -- : 0:  commander (4.1.6) from /Users/nwatson/.rbenv/versions/2.1.0/lib/ruby/gems/2.1.0/specifications/commander-4.1.6.gemspec
I, [2014-03-04T11:37:34.939649 #96868]  INFO -- : 0:  directory_watcher (1.4.1) from /Users/nwatson/.rbenv/versions/2.1.0/lib/ruby/gems/2.1.0/specifications/directory_watcher-1.4.1.gemspec
I, [2014-03-04T11:37:34.940011 #96868]  INFO -- : 0:  ffi (1.9.3) from /Users/nwatson/.rbenv/versions/2.1.0/lib/ruby/gems/2.1.0/specifications/ffi-1.9.3.gemspec
I, [2014-03-04T11:37:34.940380 #96868]  INFO -- : 0:  formatador (0.2.4) from /Users/nwatson/.rbenv/versions/2.1.0/lib/ruby/gems/2.1.0/specifications/formatador-0.2.4.gemspec
I, [2014-03-04T11:37:34.940767 #96868]  INFO -- : 0:  rb-fsevent (0.9.4) from /Users/nwatson/.rbenv/versions/2.1.0/lib/ruby/gems/2.1.0/specifications/rb-fsevent-0.9.4.gemspec
I, [2014-03-04T11:37:34.941139 #96868]  INFO -- : 0:  rb-inotify (0.9.3) from /Users/nwatson/.rbenv/versions/2.1.0/lib/ruby/gems/2.1.0/specifications/rb-inotify-0.9.3.gemspec
I, [2014-03-04T11:37:34.941496 #96868]  INFO -- : 0:  rb-kqueue (0.2.2) from /Users/nwatson/.rbenv/versions/2.1.0/lib/ruby/gems/2.1.0/specifications/rb-kqueue-0.2.2.gemspec
I, [2014-03-04T11:37:34.941865 #96868]  INFO -- : 0:  listen (1.3.1) from /Users/nwatson/.rbenv/versions/2.1.0/lib/ruby/gems/2.1.0/specifications/listen-1.3.1.gemspec
I, [2014-03-04T11:37:34.942242 #96868]  INFO -- : 0:  lumberjack (1.0.4) from /Users/nwatson/.rbenv/versions/2.1.0/lib/ruby/gems/2.1.0/specifications/lumberjack-1.0.4.gemspec
I, [2014-03-04T11:37:34.942599 #96868]  INFO -- : 0:  method_source (0.8.2) from /Users/nwatson/.rbenv/versions/2.1.0/lib/ruby/gems/2.1.0/specifications/method_source-0.8.2.gemspec
I, [2014-03-04T11:37:34.942943 #96868]  INFO -- : 0:  slop (3.4.7) from /Users/nwatson/.rbenv/versions/2.1.0/lib/ruby/gems/2.1.0/specifications/slop-3.4.7.gemspec
I, [2014-03-04T11:37:34.943299 #96868]  INFO -- : 0:  pry (0.9.12.6) from /Users/nwatson/.rbenv/versions/2.1.0/lib/ruby/gems/2.1.0/specifications/pry-0.9.12.6.gemspec
I, [2014-03-04T11:37:34.943647 #96868]  INFO -- : 0:  thor (0.18.1) from /Users/nwatson/.rbenv/versions/2.1.0/lib/ruby/gems/2.1.0/specifications/thor-0.18.1.gemspec
I, [2014-03-04T11:37:34.944014 #96868]  INFO -- : 0:  guard (1.8.3) from /Users/nwatson/.rbenv/versions/2.1.0/lib/ruby/gems/2.1.0/specifications/guard-1.8.3.gemspec
I, [2014-03-04T11:37:34.944374 #96868]  INFO -- : 0:  kramdown (1.0.2) from /Users/nwatson/.rbenv/versions/2.1.0/lib/ruby/gems/2.1.0/specifications/kramdown-1.0.2.gemspec
I, [2014-03-04T11:37:34.944718 #96868]  INFO -- : 0:  liquid (2.6.1) from /Users/nwatson/.rbenv/versions/2.1.0/lib/ruby/gems/2.1.0/specifications/liquid-2.6.1.gemspec
I, [2014-03-04T11:37:34.945067 #96868]  INFO -- : 0:  maruku (0.7.1) from /Users/nwatson/.rbenv/versions/2.1.0/lib/ruby/gems/2.1.0/specifications/maruku-0.7.1.gemspec
I, [2014-03-04T11:37:34.945446 #96868]  INFO -- : 0:  posix-spawn (0.3.8) from /Users/nwatson/.rbenv/versions/2.1.0/lib/ruby/gems/2.1.0/specifications/posix-spawn-0.3.8.gemspec
I, [2014-03-04T11:37:34.945794 #96868]  INFO -- : 0:  yajl-ruby (1.1.0) from /Users/nwatson/.rbenv/versions/2.1.0/lib/ruby/gems/2.1.0/specifications/yajl-ruby-1.1.0.gemspec
I, [2014-03-04T11:37:34.946183 #96868]  INFO -- : 0:  pygments.rb (0.5.4) from /Users/nwatson/.rbenv/versions/2.1.0/lib/ruby/gems/2.1.0/specifications/pygments.rb-0.5.4.gemspec
I, [2014-03-04T11:37:34.946536 #96868]  INFO -- : 0:  redcarpet (2.2.2) from /Users/nwatson/.rbenv/versions/2.1.0/lib/ruby/gems/2.1.0/specifications/redcarpet-2.2.2.gemspec
I, [2014-03-04T11:37:34.946902 #96868]  INFO -- : 0:  safe_yaml (0.7.1) from /Users/nwatson/.rbenv/versions/2.1.0/lib/ruby/gems/2.1.0/specifications/safe_yaml-0.7.1.gemspec
I, [2014-03-04T11:37:34.947400 #96868]  INFO -- : 0:  jekyll (1.1.1) from /Users/nwatson/.rbenv/versions/2.1.0/lib/ruby/gems/2.1.0/specifications/jekyll-1.1.1.gemspec
I, [2014-03-04T11:37:34.947815 #96868]  INFO -- : 0:  guard-jekyll-plus (1.4.10) from /Users/nwatson/.rbenv/versions/2.1.0/lib/ruby/gems/2.1.0/specifications/guard-jekyll-plus-1.4.10.gemspec
I, [2014-03-04T11:37:34.948220 #96868]  INFO -- : 0:  japr (0.2.3) from /Users/nwatson/.rbenv/versions/2.1.0/lib/ruby/gems/2.1.0/specifications/japr-0.2.3.gemspec
I, [2014-03-04T11:37:34.948628 #96868]  INFO -- : 0:  yui-compressor (0.12.0) from /Users/nwatson/.rbenv/versions/2.1.0/lib/ruby/gems/2.1.0/specifications/yui-compressor-0.12.0.gemspec
I, [2014-03-04T11:37:34.948986 #96868]  INFO -- : 0:  bundler (1.5.1) from /Users/nwatson/.rbenv/versions/2.1.0/lib/ruby/gems/2.1.0/specifications/bundler-1.5.1.gemspec
I, [2014-03-05T09:40:04.994850 #12856]  INFO -- : 0:  highline (1.6.21) from /Users/nwatson/.rbenv/versions/2.1.0/lib/ruby/gems/2.1.0/specifications/highline-1.6.21.gemspec
I, [2014-03-05T09:40:04.996176 #12856]  INFO -- : 0:  net-ssh (2.8.0) from /Users/nwatson/.rbenv/versions/2.1.0/lib/ruby/gems/2.1.0/specifications/net-ssh-2.8.0.gemspec
I, [2014-03-05T09:40:04.996863 #12856]  INFO -- : 0:  net-scp (1.1.2) from /Users/nwatson/.rbenv/versions/2.1.0/lib/ruby/gems/2.1.0/specifications/net-scp-1.1.2.gemspec
I, [2014-03-05T09:40:04.997536 #12856]  INFO -- : 0:  net-sftp (2.1.2) from /Users/nwatson/.rbenv/versions/2.1.0/lib/ruby/gems/2.1.0/specifications/net-sftp-2.1.2.gemspec
I, [2014-03-05T09:40:04.998229 #12856]  INFO -- : 0:  net-ssh-gateway (1.2.0) from /Users/nwatson/.rbenv/versions/2.1.0/lib/ruby/gems/2.1.0/specifications/net-ssh-gateway-1.2.0.gemspec
I, [2014-03-05T09:40:04.998717 #12856]  INFO -- : 0:  capistrano (2.15.5) from /Users/nwatson/.rbenv/versions/2.1.0/lib/ruby/gems/2.1.0/specifications/capistrano-2.15.5.gemspec
I, [2014-03-05T09:40:04.999348 #12856]  INFO -- : 0:  fast-stemmer (1.0.2) from /Users/nwatson/.rbenv/versions/2.1.0/lib/ruby/gems/2.1.0/specifications/fast-stemmer-1.0.2.gemspec
I, [2014-03-05T09:40:04.999891 #12856]  INFO -- : 0:  classifier (1.3.4) from /Users/nwatson/.rbenv/versions/2.1.0/lib/ruby/gems/2.1.0/specifications/classifier-1.3.4.gemspec
I, [2014-03-05T09:40:05.000290 #12856]  INFO -- : 0:  coderay (1.1.0) from /Users/nwatson/.rbenv/versions/2.1.0/lib/ruby/gems/2.1.0/specifications/coderay-1.1.0.gemspec
I, [2014-03-05T09:40:05.000754 #12856]  INFO -- : 0:  colorator (0.1) from /Users/nwatson/.rbenv/versions/2.1.0/lib/ruby/gems/2.1.0/specifications/colorator-0.1.gemspec
I, [2014-03-05T09:40:05.001198 #12856]  INFO -- : 0:  commander (4.1.6) from /Users/nwatson/.rbenv/versions/2.1.0/lib/ruby/gems/2.1.0/specifications/commander-4.1.6.gemspec
I, [2014-03-05T09:40:05.001634 #12856]  INFO -- : 0:  directory_watcher (1.4.1) from /Users/nwatson/.rbenv/versions/2.1.0/lib/ruby/gems/2.1.0/specifications/directory_watcher-1.4.1.gemspec
I, [2014-03-05T09:40:05.002062 #12856]  INFO -- : 0:  ffi (1.9.3) from /Users/nwatson/.rbenv/versions/2.1.0/lib/ruby/gems/2.1.0/specifications/ffi-1.9.3.gemspec
I, [2014-03-05T09:40:05.002501 #12856]  INFO -- : 0:  formatador (0.2.4) from /Users/nwatson/.rbenv/versions/2.1.0/lib/ruby/gems/2.1.0/specifications/formatador-0.2.4.gemspec
I, [2014-03-05T09:40:05.002927 #12856]  INFO -- : 0:  rb-fsevent (0.9.4) from /Users/nwatson/.rbenv/versions/2.1.0/lib/ruby/gems/2.1.0/specifications/rb-fsevent-0.9.4.gemspec
I, [2014-03-05T09:40:05.003378 #12856]  INFO -- : 0:  rb-inotify (0.9.3) from /Users/nwatson/.rbenv/versions/2.1.0/lib/ruby/gems/2.1.0/specifications/rb-inotify-0.9.3.gemspec
I, [2014-03-05T09:40:05.003806 #12856]  INFO -- : 0:  rb-kqueue (0.2.2) from /Users/nwatson/.rbenv/versions/2.1.0/lib/ruby/gems/2.1.0/specifications/rb-kqueue-0.2.2.gemspec
I, [2014-03-05T09:40:05.004280 #12856]  INFO -- : 0:  listen (1.3.1) from /Users/nwatson/.rbenv/versions/2.1.0/lib/ruby/gems/2.1.0/specifications/listen-1.3.1.gemspec
I, [2014-03-05T09:40:05.004865 #12856]  INFO -- : 0:  lumberjack (1.0.4) from /Users/nwatson/.rbenv/versions/2.1.0/lib/ruby/gems/2.1.0/specifications/lumberjack-1.0.4.gemspec
I, [2014-03-05T09:40:05.005333 #12856]  INFO -- : 0:  method_source (0.8.2) from /Users/nwatson/.rbenv/versions/2.1.0/lib/ruby/gems/2.1.0/specifications/method_source-0.8.2.gemspec
I, [2014-03-05T09:40:05.006095 #12856]  INFO -- : 0:  slop (3.4.7) from /Users/nwatson/.rbenv/versions/2.1.0/lib/ruby/gems/2.1.0/specifications/slop-3.4.7.gemspec
I, [2014-03-05T09:40:05.006670 #12856]  INFO -- : 0:  pry (0.9.12.6) from /Users/nwatson/.rbenv/versions/2.1.0/lib/ruby/gems/2.1.0/specifications/pry-0.9.12.6.gemspec
I, [2014-03-05T09:40:05.007090 #12856]  INFO -- : 0:  thor (0.18.1) from /Users/nwatson/.rbenv/versions/2.1.0/lib/ruby/gems/2.1.0/specifications/thor-0.18.1.gemspec
I, [2014-03-05T09:40:05.007583 #12856]  INFO -- : 0:  guard (1.8.3) from /Users/nwatson/.rbenv/versions/2.1.0/lib/ruby/gems/2.1.0/specifications/guard-1.8.3.gemspec
I, [2014-03-05T09:40:05.008088 #12856]  INFO -- : 0:  kramdown (1.0.2) from /Users/nwatson/.rbenv/versions/2.1.0/lib/ruby/gems/2.1.0/specifications/kramdown-1.0.2.gemspec
I, [2014-03-05T09:40:05.008542 #12856]  INFO -- : 0:  liquid (2.6.1) from /Users/nwatson/.rbenv/versions/2.1.0/lib/ruby/gems/2.1.0/specifications/liquid-2.6.1.gemspec
I, [2014-03-05T09:40:05.008943 #12856]  INFO -- : 0:  maruku (0.7.1) from /Users/nwatson/.rbenv/versions/2.1.0/lib/ruby/gems/2.1.0/specifications/maruku-0.7.1.gemspec
I, [2014-03-05T09:40:05.009341 #12856]  INFO -- : 0:  posix-spawn (0.3.8) from /Users/nwatson/.rbenv/versions/2.1.0/lib/ruby/gems/2.1.0/specifications/posix-spawn-0.3.8.gemspec
I, [2014-03-05T09:40:05.009761 #12856]  INFO -- : 0:  yajl-ruby (1.1.0) from /Users/nwatson/.rbenv/versions/2.1.0/lib/ruby/gems/2.1.0/specifications/yajl-ruby-1.1.0.gemspec
I, [2014-03-05T09:40:05.010178 #12856]  INFO -- : 0:  pygments.rb (0.5.4) from /Users/nwatson/.rbenv/versions/2.1.0/lib/ruby/gems/2.1.0/specifications/pygments.rb-0.5.4.gemspec
I, [2014-03-05T09:40:05.010851 #12856]  INFO -- : 0:  redcarpet (2.2.2) from /Users/nwatson/.rbenv/versions/2.1.0/lib/ruby/gems/2.1.0/specifications/redcarpet-2.2.2.gemspec
I, [2014-03-05T09:40:05.011426 #12856]  INFO -- : 0:  safe_yaml (0.7.1) from /Users/nwatson/.rbenv/versions/2.1.0/lib/ruby/gems/2.1.0/specifications/safe_yaml-0.7.1.gemspec
I, [2014-03-05T09:40:05.011850 #12856]  INFO -- : 0:  jekyll (1.1.1) from /Users/nwatson/.rbenv/versions/2.1.0/lib/ruby/gems/2.1.0/specifications/jekyll-1.1.1.gemspec
I, [2014-03-05T09:40:05.012265 #12856]  INFO -- : 0:  guard-jekyll-plus (1.4.10) from /Users/nwatson/.rbenv/versions/2.1.0/lib/ruby/gems/2.1.0/specifications/guard-jekyll-plus-1.4.10.gemspec
I, [2014-03-05T09:40:05.012685 #12856]  INFO -- : 0:  japr (0.2.3) from /Users/nwatson/.rbenv/versions/2.1.0/lib/ruby/gems/2.1.0/specifications/japr-0.2.3.gemspec
I, [2014-03-05T09:40:05.013069 #12856]  INFO -- : 0:  yui-compressor (0.12.0) from /Users/nwatson/.rbenv/versions/2.1.0/lib/ruby/gems/2.1.0/specifications/yui-compressor-0.12.0.gemspec
I, [2014-03-05T09:40:05.013430 #12856]  INFO -- : 0:  bundler (1.5.1) from /Users/nwatson/.rbenv/versions/2.1.0/lib/ruby/gems/2.1.0/specifications/bundler-1.5.1.gemspec
I, [2014-03-05T09:42:14.754256 #12976]  INFO -- : 0:  highline (1.6.21) from /Users/nwatson/.rbenv/versions/2.1.0/lib/ruby/gems/2.1.0/specifications/highline-1.6.21.gemspec
I, [2014-03-05T09:42:16.296153 #12976]  INFO -- : 0:  net-ssh (2.7.0) from /Users/nwatson/.rbenv/versions/2.1.0/lib/ruby/gems/2.1.0/specifications/net-ssh-2.7.0.gemspec
I, [2014-03-05T09:42:16.297543 #12976]  INFO -- : 0:  net-scp (1.1.2) from /Users/nwatson/.rbenv/versions/2.1.0/lib/ruby/gems/2.1.0/specifications/net-scp-1.1.2.gemspec
I, [2014-03-05T09:42:16.298157 #12976]  INFO -- : 0:  net-sftp (2.1.2) from /Users/nwatson/.rbenv/versions/2.1.0/lib/ruby/gems/2.1.0/specifications/net-sftp-2.1.2.gemspec
I, [2014-03-05T09:42:16.298589 #12976]  INFO -- : 0:  net-ssh-gateway (1.2.0) from /Users/nwatson/.rbenv/versions/2.1.0/lib/ruby/gems/2.1.0/specifications/net-ssh-gateway-1.2.0.gemspec
I, [2014-03-05T09:42:16.299093 #12976]  INFO -- : 0:  capistrano (2.15.5) from /Users/nwatson/.rbenv/versions/2.1.0/lib/ruby/gems/2.1.0/specifications/capistrano-2.15.5.gemspec
I, [2014-03-05T09:42:16.299558 #12976]  INFO -- : 0:  fast-stemmer (1.0.2) from /Users/nwatson/.rbenv/versions/2.1.0/lib/ruby/gems/2.1.0/specifications/fast-stemmer-1.0.2.gemspec
I, [2014-03-05T09:42:16.300052 #12976]  INFO -- : 0:  classifier (1.3.4) from /Users/nwatson/.rbenv/versions/2.1.0/lib/ruby/gems/2.1.0/specifications/classifier-1.3.4.gemspec
I, [2014-03-05T09:42:16.300551 #12976]  INFO -- : 0:  coderay (1.1.0) from /Users/nwatson/.rbenv/versions/2.1.0/lib/ruby/gems/2.1.0/specifications/coderay-1.1.0.gemspec
I, [2014-03-05T09:42:16.302127 #12976]  INFO -- : 0:  colorator (0.1) from /Users/nwatson/.rbenv/versions/2.1.0/lib/ruby/gems/2.1.0/specifications/colorator-0.1.gemspec
I, [2014-03-05T09:42:16.305280 #12976]  INFO -- : 0:  commander (4.1.6) from /Users/nwatson/.rbenv/versions/2.1.0/lib/ruby/gems/2.1.0/specifications/commander-4.1.6.gemspec
I, [2014-03-05T09:42:16.305864 #12976]  INFO -- : 0:  directory_watcher (1.4.1) from /Users/nwatson/.rbenv/versions/2.1.0/lib/ruby/gems/2.1.0/specifications/directory_watcher-1.4.1.gemspec
I, [2014-03-05T09:42:16.306351 #12976]  INFO -- : 0:  ffi (1.9.3) from /Users/nwatson/.rbenv/versions/2.1.0/lib/ruby/gems/2.1.0/specifications/ffi-1.9.3.gemspec
I, [2014-03-05T09:42:16.306801 #12976]  INFO -- : 0:  formatador (0.2.4) from /Users/nwatson/.rbenv/versions/2.1.0/lib/ruby/gems/2.1.0/specifications/formatador-0.2.4.gemspec
I, [2014-03-05T09:42:16.307241 #12976]  INFO -- : 0:  rb-fsevent (0.9.4) from /Users/nwatson/.rbenv/versions/2.1.0/lib/ruby/gems/2.1.0/specifications/rb-fsevent-0.9.4.gemspec
I, [2014-03-05T09:42:16.313020 #12976]  INFO -- : 0:  rb-inotify (0.9.3) from /Users/nwatson/.rbenv/versions/2.1.0/lib/ruby/gems/2.1.0/specifications/rb-inotify-0.9.3.gemspec
I, [2014-03-05T09:42:16.315331 #12976]  INFO -- : 0:  rb-kqueue (0.2.2) from /Users/nwatson/.rbenv/versions/2.1.0/lib/ruby/gems/2.1.0/specifications/rb-kqueue-0.2.2.gemspec
I, [2014-03-05T09:42:16.315894 #12976]  INFO -- : 0:  listen (1.3.1) from /Users/nwatson/.rbenv/versions/2.1.0/lib/ruby/gems/2.1.0/specifications/listen-1.3.1.gemspec
I, [2014-03-05T09:42:16.316350 #12976]  INFO -- : 0:  lumberjack (1.0.4) from /Users/nwatson/.rbenv/versions/2.1.0/lib/ruby/gems/2.1.0/specifications/lumberjack-1.0.4.gemspec
I, [2014-03-05T09:42:16.316939 #12976]  INFO -- : 0:  method_source (0.8.2) from /Users/nwatson/.rbenv/versions/2.1.0/lib/ruby/gems/2.1.0/specifications/method_source-0.8.2.gemspec
I, [2014-03-05T09:42:16.317553 #12976]  INFO -- : 0:  slop (3.4.7) from /Users/nwatson/.rbenv/versions/2.1.0/lib/ruby/gems/2.1.0/specifications/slop-3.4.7.gemspec
I, [2014-03-05T09:42:16.318210 #12976]  INFO -- : 0:  pry (0.9.12.6) from /Users/nwatson/.rbenv/versions/2.1.0/lib/ruby/gems/2.1.0/specifications/pry-0.9.12.6.gemspec
I, [2014-03-05T09:42:16.318788 #12976]  INFO -- : 0:  thor (0.18.1) from /Users/nwatson/.rbenv/versions/2.1.0/lib/ruby/gems/2.1.0/specifications/thor-0.18.1.gemspec
I, [2014-03-05T09:42:16.319443 #12976]  INFO -- : 0:  guard (1.8.3) from /Users/nwatson/.rbenv/versions/2.1.0/lib/ruby/gems/2.1.0/specifications/guard-1.8.3.gemspec
I, [2014-03-05T09:42:16.320099 #12976]  INFO -- : 0:  kramdown (1.0.2) from /Users/nwatson/.rbenv/versions/2.1.0/lib/ruby/gems/2.1.0/specifications/kramdown-1.0.2.gemspec
I, [2014-03-05T09:42:16.320681 #12976]  INFO -- : 0:  liquid (2.6.1) from /Users/nwatson/.rbenv/versions/2.1.0/lib/ruby/gems/2.1.0/specifications/liquid-2.6.1.gemspec
I, [2014-03-05T09:42:16.321254 #12976]  INFO -- : 0:  maruku (0.7.1) from /Users/nwatson/.rbenv/versions/2.1.0/lib/ruby/gems/2.1.0/specifications/maruku-0.7.1.gemspec
I, [2014-03-05T09:42:16.321895 #12976]  INFO -- : 0:  posix-spawn (0.3.8) from /Users/nwatson/.rbenv/versions/2.1.0/lib/ruby/gems/2.1.0/specifications/posix-spawn-0.3.8.gemspec
I, [2014-03-05T09:42:16.322596 #12976]  INFO -- : 0:  yajl-ruby (1.1.0) from /Users/nwatson/.rbenv/versions/2.1.0/lib/ruby/gems/2.1.0/specifications/yajl-ruby-1.1.0.gemspec
I, [2014-03-05T09:42:16.323357 #12976]  INFO -- : 0:  pygments.rb (0.5.4) from /Users/nwatson/.rbenv/versions/2.1.0/lib/ruby/gems/2.1.0/specifications/pygments.rb-0.5.4.gemspec
I, [2014-03-05T09:42:16.328752 #12976]  INFO -- : 0:  redcarpet (2.2.2) from /Users/nwatson/.rbenv/versions/2.1.0/lib/ruby/gems/2.1.0/specifications/redcarpet-2.2.2.gemspec
I, [2014-03-05T09:42:16.329741 #12976]  INFO -- : 0:  safe_yaml (0.7.1) from /Users/nwatson/.rbenv/versions/2.1.0/lib/ruby/gems/2.1.0/specifications/safe_yaml-0.7.1.gemspec
I, [2014-03-05T09:42:16.330641 #12976]  INFO -- : 0:  jekyll (1.1.1) from /Users/nwatson/.rbenv/versions/2.1.0/lib/ruby/gems/2.1.0/specifications/jekyll-1.1.1.gemspec
I, [2014-03-05T09:42:16.331533 #12976]  INFO -- : 0:  guard-jekyll-plus (1.4.10) from /Users/nwatson/.rbenv/versions/2.1.0/lib/ruby/gems/2.1.0/specifications/guard-jekyll-plus-1.4.10.gemspec
I, [2014-03-05T09:42:16.332765 #12976]  INFO -- : 0:  japr (0.2.3) from /Users/nwatson/.rbenv/versions/2.1.0/lib/ruby/gems/2.1.0/specifications/japr-0.2.3.gemspec
I, [2014-03-05T09:42:16.333491 #12976]  INFO -- : 0:  yui-compressor (0.12.0) from /Users/nwatson/.rbenv/versions/2.1.0/lib/ruby/gems/2.1.0/specifications/yui-compressor-0.12.0.gemspec
I, [2014-03-05T09:42:16.334158 #12976]  INFO -- : 0:  bundler (1.5.1) from /Users/nwatson/.rbenv/versions/2.1.0/lib/ruby/gems/2.1.0/specifications/bundler-1.5.1.gemspec
